<?xml version="1.0" encoding="UTF-8"?>
<!-- Generated by org.testng.reporters.JUnitXMLReporter -->
<testsuite ignored="0" hostname="Patil" failures="4" tests="4" name="Test" time="12.016" errors="0" timestamp="2025-01-10T12:45:11 IST">
  <testcase classname="NoKodr.Nokodr.SignupTest" name="validateMandatoryFields" time="0.368">
    <failure type="java.lang.AssertionError" message="Error for mandatory fields is missing! expected [true] but found [false]">
      <![CDATA[java.lang.AssertionError: Error for mandatory fields is missing! expected [true] but found [false]
at NoKodr.Nokodr.SignupTest.validateMandatoryFields(SignupTest.java:44)
at java.base/java.util.ArrayList.forEach(ArrayList.java:1596)
... Removed 28 stack frames]]>
    </failure>
  </testcase> <!-- validateMandatoryFields -->
  <testcase classname="NoKodr.Nokodr.SignupTest" name="validateInvalidEmailFormat" time="0.75">
    <failure type="java.lang.AssertionError" message="Error for invalid email is missing! expected [true] but found [false]">
      <![CDATA[java.lang.AssertionError: Error for invalid email is missing! expected [true] but found [false]
at NoKodr.Nokodr.SignupTest.validateInvalidEmailFormat(SignupTest.java:54)
at java.base/java.util.ArrayList.forEach(ArrayList.java:1596)
... Removed 28 stack frames]]>
    </failure>
  </testcase> <!-- validateInvalidEmailFormat -->
  <testcase classname="NoKodr.Nokodr.SignupTest" name="validatePasswordMismatch" time="0.747">
    <failure type="java.lang.AssertionError" message="Error for password mismatch is missing! expected [true] but found [false]">
      <![CDATA[java.lang.AssertionError: Error for password mismatch is missing! expected [true] but found [false]
at NoKodr.Nokodr.SignupTest.validatePasswordMismatch(SignupTest.java:64)
at java.base/java.util.ArrayList.forEach(ArrayList.java:1596)
... Removed 28 stack frames]]>
    </failure>
  </testcase> <!-- validatePasswordMismatch -->
  <testcase classname="NoKodr.Nokodr.SignupTest" name="validateValidSignup" time="0.098">
    <failure type="org.openqa.selenium.JavascriptException" message="javascript error: {&amp;quot;status&amp;quot;:12,&amp;quot;value&amp;quot;:&amp;quot;Element is not currently interactable and may not be manipulated&amp;quot;}
  (Session info: chrome=131.0.6778.264)
Build info: version: &amp;apos;4.26.0&amp;apos;, revision: &amp;apos;8ccf0219d7&amp;apos;
System info: os.name: &amp;apos;Windows 10&amp;apos;, os.arch: &amp;apos;amd64&amp;apos;, os.version: &amp;apos;10.0&amp;apos;, java.version: &amp;apos;21.0.5&amp;apos;
Driver info: org.openqa.selenium.chrome.ChromeDriver
Command: [b5240dafa1256f0ab2a10a802fdda642, clearElement {id=f.4DFD8D3B23A0FADD433C85A471649E0A.d.D959E0153F0D91FF98C890B5091D93AD.e.3}]
Capabilities {acceptInsecureCerts: false, browserName: chrome, browserVersion: 131.0.6778.264, chrome: {chromedriverVersion: 130.0.6723.116 (6ac35f94ae3..., userDataDir: C:\Users\Owner\AppData\Loca...}, fedcm:accounts: true, goog:chromeOptions: {debuggerAddress: localhost:53332}, networkConnectionEnabled: false, pageLoadStrategy: normal, platformName: windows, proxy: Proxy(), se:cdp: ws://localhost:53332/devtoo..., se:cdpVersion: 131.0.6778.264, setWindowRect: true, strictFileInteractability: false, timeouts: {implicit: 0, pageLoad: 300000, script: 30000}, unhandledPromptBehavior: dismiss and notify, webauthn:extension:credBlob: true, webauthn:extension:largeBlob: true, webauthn:extension:minPinLength: true, webauthn:extension:prf: true, webauthn:virtualAuthenticators: true}
Element: [[ChromeDriver: chrome on windows (b5240dafa1256f0ab2a10a802fdda642)] -&amp;gt; css selector: input[name=&amp;apos;username&amp;apos;][type=&amp;apos;email&amp;apos;]]
Session ID: b5240dafa1256f0ab2a10a802fdda642">
      <![CDATA[org.openqa.selenium.JavascriptException: javascript error: {"status":12,"value":"Element is not currently interactable and may not be manipulated"}
  (Session info: chrome=131.0.6778.264)
Build info: version: '4.26.0', revision: '8ccf0219d7'
System info: os.name: 'Windows 10', os.arch: 'amd64', os.version: '10.0', java.version: '21.0.5'
Driver info: org.openqa.selenium.chrome.ChromeDriver
Command: [b5240dafa1256f0ab2a10a802fdda642, clearElement {id=f.4DFD8D3B23A0FADD433C85A471649E0A.d.D959E0153F0D91FF98C890B5091D93AD.e.3}]
Capabilities {acceptInsecureCerts: false, browserName: chrome, browserVersion: 131.0.6778.264, chrome: {chromedriverVersion: 130.0.6723.116 (6ac35f94ae3..., userDataDir: C:\Users\Owner\AppData\Loca...}, fedcm:accounts: true, goog:chromeOptions: {debuggerAddress: localhost:53332}, networkConnectionEnabled: false, pageLoadStrategy: normal, platformName: windows, proxy: Proxy(), se:cdp: ws://localhost:53332/devtoo..., se:cdpVersion: 131.0.6778.264, setWindowRect: true, strictFileInteractability: false, timeouts: {implicit: 0, pageLoad: 300000, script: 30000}, unhandledPromptBehavior: dismiss and notify, webauthn:extension:credBlob: true, webauthn:extension:largeBlob: true, webauthn:extension:minPinLength: true, webauthn:extension:prf: true, webauthn:virtualAuthenticators: true}
Element: [[ChromeDriver: chrome on windows (b5240dafa1256f0ab2a10a802fdda642)] -> css selector: input[name='username'][type='email']]
Session ID: b5240dafa1256f0ab2a10a802fdda642
at org.openqa.selenium.remote.ErrorCodec.decode(ErrorCodec.java:167)
at org.openqa.selenium.remote.codec.w3c.W3CHttpResponseCodec.decode(W3CHttpResponseCodec.java:138)
at org.openqa.selenium.remote.codec.w3c.W3CHttpResponseCodec.decode(W3CHttpResponseCodec.java:50)
at org.openqa.selenium.remote.HttpCommandExecutor.execute(HttpCommandExecutor.java:190)
at org.openqa.selenium.remote.service.DriverCommandExecutor.invokeExecute(DriverCommandExecutor.java:216)
at org.openqa.selenium.remote.service.DriverCommandExecutor.execute(DriverCommandExecutor.java:174)
at org.openqa.selenium.remote.RemoteWebDriver.execute(RemoteWebDriver.java:545)
at org.openqa.selenium.remote.RemoteWebElement.execute(RemoteWebElement.java:223)
at org.openqa.selenium.remote.RemoteWebElement.clear(RemoteWebElement.java:129)
at NoKodr.Nokodr.SignupPage.setEmail(SignupPage.java:23)
at NoKodr.Nokodr.SignupTest.validateValidSignup(SignupTest.java:69)
at java.base/java.util.ArrayList.forEach(ArrayList.java:1596)
... Removed 28 stack frames]]>
    </failure>
  </testcase> <!-- validateValidSignup -->
</testsuite> <!-- Test -->
